Started GET "/" for 127.0.0.1 at 2022-04-16 17:17:06 +0300
  
ActiveRecord::ConnectionNotEstablished (connection to server at "localhost" (::1), port 5432 failed: fe_sendauth: no password supplied
):
  
activerecord (7.0.2.3) lib/active_record/connection_adapters/postgresql_adapter.rb:87:in `rescue in new_client'
activerecord (7.0.2.3) lib/active_record/connection_adapters/postgresql_adapter.rb:77:in `new_client'
activerecord (7.0.2.3) lib/active_record/connection_adapters/postgresql_adapter.rb:37:in `postgresql_connection'
activerecord (7.0.2.3) lib/active_record/connection_adapters/abstract/connection_pool.rb:656:in `public_send'
activerecord (7.0.2.3) lib/active_record/connection_adapters/abstract/connection_pool.rb:656:in `new_connection'
activerecord (7.0.2.3) lib/active_record/connection_adapters/abstract/connection_pool.rb:700:in `checkout_new_connection'
activerecord (7.0.2.3) lib/active_record/connection_adapters/abstract/connection_pool.rb:679:in `try_to_checkout_new_connection'
activerecord (7.0.2.3) lib/active_record/connection_adapters/abstract/connection_pool.rb:640:in `acquire_connection'
activerecord (7.0.2.3) lib/active_record/connection_adapters/abstract/connection_pool.rb:341:in `checkout'
activerecord (7.0.2.3) lib/active_record/connection_adapters/abstract/connection_pool.rb:181:in `connection'
activerecord (7.0.2.3) lib/active_record/connection_adapters/abstract/connection_handler.rb:211:in `retrieve_connection'
activerecord (7.0.2.3) lib/active_record/connection_handling.rb:313:in `retrieve_connection'
activerecord (7.0.2.3) lib/active_record/connection_handling.rb:280:in `connection'
activerecord (7.0.2.3) lib/active_record/migration.rb:613:in `connection'
activerecord (7.0.2.3) lib/active_record/migration.rb:608:in `build_watcher'
activerecord (7.0.2.3) lib/active_record/migration.rb:590:in `block in call'
activerecord (7.0.2.3) lib/active_record/migration.rb:589:in `synchronize'
activerecord (7.0.2.3) lib/active_record/migration.rb:589:in `call'
actionpack (7.0.2.3) lib/action_dispatch/middleware/callbacks.rb:27:in `block in call'
activesupport (7.0.2.3) lib/active_support/callbacks.rb:99:in `run_callbacks'
actionpack (7.0.2.3) lib/action_dispatch/middleware/callbacks.rb:26:in `call'
actionpack (7.0.2.3) lib/action_dispatch/middleware/executor.rb:14:in `call'
actionpack (7.0.2.3) lib/action_dispatch/middleware/actionable_exceptions.rb:17:in `call'
actionpack (7.0.2.3) lib/action_dispatch/middleware/debug_exceptions.rb:28:in `call'
web-console (4.2.0) lib/web_console/middleware.rb:132:in `call_app'
web-console (4.2.0) lib/web_console/middleware.rb:28:in `block in call'
web-console (4.2.0) lib/web_console/middleware.rb:17:in `catch'
web-console (4.2.0) lib/web_console/middleware.rb:17:in `call'
actionpack (7.0.2.3) lib/action_dispatch/middleware/show_exceptions.rb:26:in `call'
railties (7.0.2.3) lib/rails/rack/logger.rb:36:in `call_app'
railties (7.0.2.3) lib/rails/rack/logger.rb:25:in `block in call'
activesupport (7.0.2.3) lib/active_support/tagged_logging.rb:99:in `block in tagged'
activesupport (7.0.2.3) lib/active_support/tagged_logging.rb:37:in `tagged'
activesupport (7.0.2.3) lib/active_support/tagged_logging.rb:99:in `tagged'
railties (7.0.2.3) lib/rails/rack/logger.rb:25:in `call'
sprockets-rails (3.4.2) lib/sprockets/rails/quiet_assets.rb:13:in `call'
actionpack (7.0.2.3) lib/action_dispatch/middleware/remote_ip.rb:93:in `call'
actionpack (7.0.2.3) lib/action_dispatch/middleware/request_id.rb:26:in `call'
rack (2.2.3) lib/rack/method_override.rb:24:in `call'
rack (2.2.3) lib/rack/runtime.rb:22:in `call'
activesupport (7.0.2.3) lib/active_support/cache/strategy/local_cache_middleware.rb:29:in `call'
actionpack (7.0.2.3) lib/action_dispatch/middleware/server_timing.rb:20:in `call'
actionpack (7.0.2.3) lib/action_dispatch/middleware/executor.rb:14:in `call'
actionpack (7.0.2.3) lib/action_dispatch/middleware/static.rb:23:in `call'
rack (2.2.3) lib/rack/sendfile.rb:110:in `call'
actionpack (7.0.2.3) lib/action_dispatch/middleware/host_authorization.rb:137:in `call'
railties (7.0.2.3) lib/rails/engine.rb:530:in `call'
puma (5.6.2) lib/puma/configuration.rb:252:in `call'
puma (5.6.2) lib/puma/request.rb:77:in `block in handle_request'
puma (5.6.2) lib/puma/thread_pool.rb:340:in `with_force_shutdown'
puma (5.6.2) lib/puma/request.rb:76:in `handle_request'
puma (5.6.2) lib/puma/server.rb:441:in `process_client'
puma (5.6.2) lib/puma/thread_pool.rb:147:in `block in spawn_thread'
  [1m[35m (0.5ms)[0m  [1m[34mSELECT pg_try_advisory_lock(7864839756650184315)[0m
  [1m[36mActiveRecord::SchemaMigration Pluck (3.0ms)[0m  [1m[34mSELECT "schema_migrations"."version" FROM "schema_migrations" ORDER BY "schema_migrations"."version" ASC[0m
Migrating to CreateUsers (20220401094138)
  [1m[36mTRANSACTION (0.4ms)[0m  [1m[35mBEGIN[0m
  [1m[35m (48.2ms)[0m  [1m[35mCREATE TABLE "users" ("id" bigserial primary key, "name" character varying, "photo" character varying, "bio" text, "posts_counter" integer, "created_at" timestamp(6) NOT NULL, "updated_at" timestamp(6) NOT NULL)[0m
  [1m[36mTRANSACTION (0.3ms)[0m  [1m[31mROLLBACK[0m
  [1m[35m (0.4ms)[0m  [1m[34mSELECT pg_advisory_unlock(7864839756650184315)[0m
  [1m[36mActiveRecord::SchemaMigration Pluck (2.7ms)[0m  [1m[34mSELECT "schema_migrations"."version" FROM "schema_migrations" ORDER BY "schema_migrations"."version" ASC[0m
  [1m[36mActiveRecord::InternalMetadata Pluck (2.2ms)[0m  [1m[34mSELECT "ar_internal_metadata"."value" FROM "ar_internal_metadata" WHERE "ar_internal_metadata"."key" = $1 LIMIT $2[0m  [["key", "environment"], ["LIMIT", 1]]
  [1m[36mActiveRecord::SchemaMigration Pluck (0.5ms)[0m  [1m[34mSELECT "schema_migrations"."version" FROM "schema_migrations" ORDER BY "schema_migrations"."version" ASC[0m
  [1m[36mActiveRecord::InternalMetadata Pluck (0.5ms)[0m  [1m[34mSELECT "ar_internal_metadata"."value" FROM "ar_internal_metadata" WHERE "ar_internal_metadata"."key" = $1 LIMIT $2[0m  [["key", "environment"], ["LIMIT", 1]]
  [1m[36mActiveRecord::SchemaMigration Pluck (0.5ms)[0m  [1m[34mSELECT "schema_migrations"."version" FROM "schema_migrations" ORDER BY "schema_migrations"."version" ASC[0m
  [1m[36mActiveRecord::InternalMetadata Pluck (0.4ms)[0m  [1m[34mSELECT "ar_internal_metadata"."value" FROM "ar_internal_metadata" WHERE "ar_internal_metadata"."key" = $1 LIMIT $2[0m  [["key", "environment"], ["LIMIT", 1]]
  [1m[35m (588.4ms)[0m  [1m[35mDROP DATABASE IF EXISTS "myapp_development"[0m
  [1m[35m (448.1ms)[0m  [1m[35mDROP DATABASE IF EXISTS "myapp_test"[0m
  [1m[35m (25334.6ms)[0m  [1m[35mCREATE DATABASE "myblog_development" ENCODING = 'unicode'[0m
  [1m[35m (11264.7ms)[0m  [1m[35mCREATE DATABASE "myblog_test" ENCODING = 'unicode'[0m
  [1m[35m (510.0ms)[0m  [1m[35mCREATE TABLE "schema_migrations" ("version" character varying NOT NULL PRIMARY KEY)[0m
  [1m[35m (87.5ms)[0m  [1m[35mCREATE TABLE "ar_internal_metadata" ("key" character varying NOT NULL PRIMARY KEY, "value" character varying, "created_at" timestamp(6) NOT NULL, "updated_at" timestamp(6) NOT NULL)[0m
  [1m[35m (8.5ms)[0m  [1m[34mSELECT pg_try_advisory_lock(4518038202419116725)[0m
  [1m[36mActiveRecord::SchemaMigration Pluck (1.3ms)[0m  [1m[34mSELECT "schema_migrations"."version" FROM "schema_migrations" ORDER BY "schema_migrations"."version" ASC[0m
Migrating to CreateUsers (20220401094138)
  [1m[36mTRANSACTION (0.3ms)[0m  [1m[35mBEGIN[0m
  [1m[35m (107.8ms)[0m  [1m[35mCREATE TABLE "users" ("id" bigserial primary key, "name" character varying, "photo" character varying, "bio" text, "posts_counter" integer, "created_at" timestamp(6) NOT NULL, "updated_at" timestamp(6) NOT NULL)[0m
  [1m[36mActiveRecord::SchemaMigration Create (1.1ms)[0m  [1m[32mINSERT INTO "schema_migrations" ("version") VALUES ($1) RETURNING "version"[0m  [["version", "20220401094138"]]
  [1m[36mTRANSACTION (8.4ms)[0m  [1m[35mCOMMIT[0m
Migrating to CreatePosts (20220401094156)
  [1m[36mTRANSACTION (0.5ms)[0m  [1m[35mBEGIN[0m
  [1m[35m (178.8ms)[0m  [1m[35mCREATE TABLE "posts" ("id" bigserial primary key, "author_id" bigint NOT NULL, "title" character varying, "text" text, "comments_counter" integer, "likes_counter" integer, "created_at" timestamp(6) NOT NULL, "updated_at" timestamp(6) NOT NULL, CONSTRAINT "fk_rails_04d13ef8c7"
FOREIGN KEY ("author_id")
  REFERENCES "users" ("id")
)[0m
  [1m[35m (26.5ms)[0m  [1m[35mCREATE INDEX "index_posts_on_author_id" ON "posts" ("author_id")[0m
  [1m[36mActiveRecord::SchemaMigration Create (0.4ms)[0m  [1m[32mINSERT INTO "schema_migrations" ("version") VALUES ($1) RETURNING "version"[0m  [["version", "20220401094156"]]
  [1m[36mTRANSACTION (0.6ms)[0m  [1m[35mCOMMIT[0m
Migrating to CreateComments (20220401094302)
  [1m[36mTRANSACTION (0.5ms)[0m  [1m[35mBEGIN[0m
  [1m[35m (189.4ms)[0m  [1m[35mCREATE TABLE "comments" ("id" bigserial primary key, "author_id" bigint NOT NULL, "post_id" bigint NOT NULL, "text" text, "created_at" timestamp(6) NOT NULL, "updated_at" timestamp(6) NOT NULL, CONSTRAINT "fk_rails_f44b1e3c8a"
FOREIGN KEY ("author_id")
  REFERENCES "users" ("id")
, CONSTRAINT "fk_rails_2fd19c0db7"
FOREIGN KEY ("post_id")
  REFERENCES "posts" ("id")
)[0m
  [1m[35m (17.0ms)[0m  [1m[35mCREATE INDEX "index_comments_on_author_id" ON "comments" ("author_id")[0m
  [1m[35m (21.8ms)[0m  [1m[35mCREATE INDEX "index_comments_on_post_id" ON "comments" ("post_id")[0m
  [1m[36mActiveRecord::SchemaMigration Create (0.4ms)[0m  [1m[32mINSERT INTO "schema_migrations" ("version") VALUES ($1) RETURNING "version"[0m  [["version", "20220401094302"]]
  [1m[36mTRANSACTION (0.6ms)[0m  [1m[35mCOMMIT[0m
Migrating to CreateLikes (20220401094409)
  [1m[36mTRANSACTION (0.5ms)[0m  [1m[35mBEGIN[0m
  [1m[35m (51.4ms)[0m  [1m[35mCREATE TABLE "likes" ("id" bigserial primary key, "author_id" bigint NOT NULL, "post_id" bigint NOT NULL, "created_at" timestamp(6) NOT NULL, "updated_at" timestamp(6) NOT NULL, CONSTRAINT "fk_rails_1f2302367a"
FOREIGN KEY ("author_id")
  REFERENCES "users" ("id")
, CONSTRAINT "fk_rails_87a8aac469"
FOREIGN KEY ("post_id")
  REFERENCES "posts" ("id")
)[0m
  [1m[35m (19.8ms)[0m  [1m[35mCREATE INDEX "index_likes_on_author_id" ON "likes" ("author_id")[0m
  [1m[35m (31.6ms)[0m  [1m[35mCREATE INDEX "index_likes_on_post_id" ON "likes" ("post_id")[0m
  [1m[36mActiveRecord::SchemaMigration Create (0.4ms)[0m  [1m[32mINSERT INTO "schema_migrations" ("version") VALUES ($1) RETURNING "version"[0m  [["version", "20220401094409"]]
  [1m[36mTRANSACTION (0.7ms)[0m  [1m[35mCOMMIT[0m
Migrating to UpdatePostsCounterDefaultToZeroUsers (20220408003123)
  [1m[36mTRANSACTION (0.5ms)[0m  [1m[35mBEGIN[0m
  [1m[35m (0.4ms)[0m  [1m[35mALTER TABLE "users" ALTER COLUMN "posts_counter" SET DEFAULT 0[0m
  [1m[36mActiveRecord::SchemaMigration Create (0.4ms)[0m  [1m[32mINSERT INTO "schema_migrations" ("version") VALUES ($1) RETURNING "version"[0m  [["version", "20220408003123"]]
  [1m[36mTRANSACTION (0.6ms)[0m  [1m[35mCOMMIT[0m
Migrating to UpdateCountersDefaultToZeroPosts (20220408003508)
  [1m[36mTRANSACTION (0.3ms)[0m  [1m[35mBEGIN[0m
  [1m[35m (0.6ms)[0m  [1m[35mALTER TABLE "posts" ALTER COLUMN "comments_counter" SET DEFAULT 0[0m
  [1m[35m (0.4ms)[0m  [1m[35mALTER TABLE "posts" ALTER COLUMN "likes_counter" SET DEFAULT 0[0m
  [1m[36mActiveRecord::SchemaMigration Create (0.4ms)[0m  [1m[32mINSERT INTO "schema_migrations" ("version") VALUES ($1) RETURNING "version"[0m  [["version", "20220408003508"]]
  [1m[36mTRANSACTION (0.8ms)[0m  [1m[35mCOMMIT[0m
Migrating to AddDeviseToUsers (20220411182125)
  [1m[36mTRANSACTION (0.2ms)[0m  [1m[35mBEGIN[0m
  [1m[35m (0.6ms)[0m  [1m[35mALTER TABLE "users" ADD "email" character varying DEFAULT '' NOT NULL[0m
  [1m[35m (0.5ms)[0m  [1m[35mALTER TABLE "users" ADD "encrypted_password" character varying DEFAULT '' NOT NULL[0m
  [1m[35m (0.6ms)[0m  [1m[35mALTER TABLE "users" ADD "reset_password_token" character varying[0m
  [1m[35m (2.3ms)[0m  [1m[35mALTER TABLE "users" ADD "reset_password_sent_at" timestamp(6)[0m
  [1m[35m (0.6ms)[0m  [1m[35mALTER TABLE "users" ADD "remember_created_at" timestamp(6)[0m
  [1m[35m (38.3ms)[0m  [1m[35mCREATE UNIQUE INDEX "index_users_on_email" ON "users" ("email")[0m
  [1m[35m (26.4ms)[0m  [1m[35mCREATE UNIQUE INDEX "index_users_on_reset_password_token" ON "users" ("reset_password_token")[0m
  [1m[36mActiveRecord::SchemaMigration Create (0.4ms)[0m  [1m[32mINSERT INTO "schema_migrations" ("version") VALUES ($1) RETURNING "version"[0m  [["version", "20220411182125"]]
  [1m[36mTRANSACTION (0.6ms)[0m  [1m[35mCOMMIT[0m
Migrating to AddConfirmableToDevise (20220412121338)
  [1m[36mTRANSACTION (0.3ms)[0m  [1m[35mBEGIN[0m
  [1m[35m (0.9ms)[0m  [1m[35mALTER TABLE "users" ADD "confirmation_token" character varying[0m
  [1m[35m (0.6ms)[0m  [1m[35mALTER TABLE "users" ADD "confirmed_at" timestamp(6)[0m
  [1m[35m (0.6ms)[0m  [1m[35mALTER TABLE "users" ADD "confirmation_sent_at" timestamp(6)[0m
  [1m[35m (55.0ms)[0m  [1m[35mCREATE UNIQUE INDEX "index_users_on_confirmation_token" ON "users" ("confirmation_token")[0m
  [1m[36mUser Update All (3.9ms)[0m  [1m[33mUPDATE "users" SET "confirmed_at" = $1[0m  [["confirmed_at", "2022-04-16 17:10:47.079867"]]
  [1m[36mActiveRecord::SchemaMigration Create (0.4ms)[0m  [1m[32mINSERT INTO "schema_migrations" ("version") VALUES ($1) RETURNING "version"[0m  [["version", "20220412121338"]]
  [1m[36mTRANSACTION (0.6ms)[0m  [1m[35mCOMMIT[0m
Migrating to AddRoleToUsers (20220412144228)
  [1m[36mTRANSACTION (0.4ms)[0m  [1m[35mBEGIN[0m
  [1m[35m (0.5ms)[0m  [1m[35mALTER TABLE "users" ADD "role" character varying[0m
  [1m[36mActiveRecord::SchemaMigration Create (0.5ms)[0m  [1m[32mINSERT INTO "schema_migrations" ("version") VALUES ($1) RETURNING "version"[0m  [["version", "20220412144228"]]
  [1m[36mTRANSACTION (0.6ms)[0m  [1m[35mCOMMIT[0m
  [1m[36mActiveRecord::InternalMetadata Load (2.6ms)[0m  [1m[34mSELECT "ar_internal_metadata".* FROM "ar_internal_metadata" WHERE "ar_internal_metadata"."key" = $1 LIMIT $2[0m  [["key", "environment"], ["LIMIT", 1]]
  [1m[36mTRANSACTION (0.2ms)[0m  [1m[35mBEGIN[0m
  [1m[36mActiveRecord::InternalMetadata Create (1.1ms)[0m  [1m[32mINSERT INTO "ar_internal_metadata" ("key", "value", "created_at", "updated_at") VALUES ($1, $2, $3, $4) RETURNING "key"[0m  [["key", "environment"], ["value", "development"], ["created_at", "2022-04-16 17:10:47.135580"], ["updated_at", "2022-04-16 17:10:47.135580"]]
  [1m[36mTRANSACTION (0.5ms)[0m  [1m[35mCOMMIT[0m
  [1m[35m (0.7ms)[0m  [1m[34mSELECT pg_advisory_unlock(4518038202419116725)[0m
  [1m[36mActiveRecord::SchemaMigration Pluck (2.0ms)[0m  [1m[34mSELECT "schema_migrations"."version" FROM "schema_migrations" ORDER BY "schema_migrations"."version" ASC[0m
Started GET "/" for 127.0.0.1 at 2022-04-16 20:26:17 +0300
  [1m[36mActiveRecord::SchemaMigration Pluck (8.1ms)[0m  [1m[34mSELECT "schema_migrations"."version" FROM "schema_migrations" ORDER BY "schema_migrations"."version" ASC[0m
Processing by UsersController#index as HTML
  Rendering layout layouts/application.html.erb
  Rendering users/index.html.erb within layouts/application
  [1m[36mUser Load (2.9ms)[0m  [1m[34mSELECT "users".* FROM "users"[0m
  ↳ app/views/users/index.html.erb:3
  Rendered users/index.html.erb within layouts/application (Duration: 42.6ms | Allocations: 1909)
  Rendered layout layouts/application.html.erb (Duration: 968.8ms | Allocations: 97162)
Completed 500 Internal Server Error in 1048ms (ActiveRecord: 2.9ms | Allocations: 101253)


  
ActionView::Template::Error (Permission denied @ rb_file_s_rename - (E:/Microverse/Module5/blog/blog-app/tmp/cache/assets/sprockets/v4.0.0/g-/g-QxkcMieCG8lI_ItYf1LhQGcMR_abZ6MLkv-M4aFSQ.cache.28360.12380.404866, E:/Microverse/Module5/blog/blog-app/tmp/cache/assets/sprockets/v4.0.0/g-/g-QxkcMieCG8lI_ItYf1LhQGcMR_abZ6MLkv-M4aFSQ.cache)):
  
sprockets (4.0.3) lib/sprockets/path_utils.rb:362:in `rename'
sprockets (4.0.3) lib/sprockets/path_utils.rb:362:in `atomic_write'
sprockets (4.0.3) lib/sprockets/cache/file_store.rb:112:in `set'
sprockets (4.0.3) lib/sprockets/cache.rb:227:in `set'
sprockets (4.0.3) lib/sprockets/cache.rb:143:in `set'
sprockets (4.0.3) lib/sprockets/loader.rb:266:in `store_asset'
sprockets (4.0.3) lib/sprockets/loader.rb:226:in `load_from_unloaded'
sprockets (4.0.3) lib/sprockets/loader.rb:59:in `block in load'
sprockets (4.0.3) lib/sprockets/loader.rb:337:in `fetch_asset_from_dependency_cache'
sprockets (4.0.3) lib/sprockets/loader.rb:43:in `load'
sprockets (4.0.3) lib/sprockets/cached_environment.rb:44:in `load'
sprockets (4.0.3) lib/sprockets/bundle.rb:32:in `block in call'
C:/Ruby31-x64/lib/ruby/3.1.0/set.rb:511:in `each_key'
C:/Ruby31-x64/lib/ruby/3.1.0/set.rb:511:in `each'
sprockets (4.0.3) lib/sprockets/bundle.rb:31:in `call'
sprockets (4.0.3) lib/sprockets/processor_utils.rb:84:in `call_processor'
sprockets (4.0.3) lib/sprockets/processor_utils.rb:66:in `block in call_processors'
sprockets (4.0.3) lib/sprockets/processor_utils.rb:65:in `reverse_each'
sprockets (4.0.3) lib/sprockets/processor_utils.rb:65:in `call_processors'
sprockets (4.0.3) lib/sprockets/loader.rb:182:in `load_from_unloaded'
sprockets (4.0.3) lib/sprockets/loader.rb:59:in `block in load'
sprockets (4.0.3) lib/sprockets/loader.rb:337:in `fetch_asset_from_dependency_cache'
sprockets (4.0.3) lib/sprockets/loader.rb:43:in `load'
sprockets (4.0.3) lib/sprockets/cached_environment.rb:44:in `load'
sprockets (4.0.3) lib/sprockets/base.rb:81:in `find_asset'
sprockets (4.0.3) lib/sprockets/base.rb:88:in `find_all_linked_assets'
sprockets (4.0.3) lib/sprockets/manifest.rb:125:in `each'
sprockets (4.0.3) lib/sprockets/manifest.rb:125:in `to_a'
sprockets (4.0.3) lib/sprockets/manifest.rb:125:in `block (2 levels) in find'
concurrent-ruby (1.1.10) lib/concurrent-ruby/concurrent/executor/safe_task_executor.rb:24:in `block in execute'
concurrent-ruby (1.1.10) lib/concurrent-ruby/concurrent/synchronization/mutex_lockable_object.rb:47:in `block in synchronize'
concurrent-ruby (1.1.10) lib/concurrent-ruby/concurrent/synchronization/mutex_lockable_object.rb:47:in `synchronize'
concurrent-ruby (1.1.10) lib/concurrent-ruby/concurrent/synchronization/mutex_lockable_object.rb:47:in `synchronize'
concurrent-ruby (1.1.10) lib/concurrent-ruby/concurrent/executor/safe_task_executor.rb:22:in `execute'
concurrent-ruby (1.1.10) lib/concurrent-ruby/concurrent/promise.rb:564:in `block in realize'
concurrent-ruby (1.1.10) lib/concurrent-ruby/concurrent/executor/ruby_thread_pool_executor.rb:352:in `run_task'
concurrent-ruby (1.1.10) lib/concurrent-ruby/concurrent/executor/ruby_thread_pool_executor.rb:343:in `block (3 levels) in create_worker'
concurrent-ruby (1.1.10) lib/concurrent-ruby/concurrent/executor/ruby_thread_pool_executor.rb:334:in `loop'
concurrent-ruby (1.1.10) lib/concurrent-ruby/concurrent/executor/ruby_thread_pool_executor.rb:334:in `block (2 levels) in create_worker'
concurrent-ruby (1.1.10) lib/concurrent-ruby/concurrent/executor/ruby_thread_pool_executor.rb:333:in `catch'
concurrent-ruby (1.1.10) lib/concurrent-ruby/concurrent/executor/ruby_thread_pool_executor.rb:333:in `block in create_worker'
Started GET "/" for 127.0.0.1 at 2022-04-16 20:27:53 +0300
  [1m[36mActiveRecord::SchemaMigration Pluck (2.4ms)[0m  [1m[34mSELECT "schema_migrations"."version" FROM "schema_migrations" ORDER BY "schema_migrations"."version" ASC[0m
Processing by UsersController#index as HTML
  Rendering layout layouts/application.html.erb
  Rendering users/index.html.erb within layouts/application
  [1m[36mUser Load (3.5ms)[0m  [1m[34mSELECT "users".* FROM "users"[0m
  ↳ app/views/users/index.html.erb:3
  Rendered users/index.html.erb within layouts/application (Duration: 42.9ms | Allocations: 2692)
  Rendered layout layouts/application.html.erb (Duration: 934.0ms | Allocations: 84343)
Completed 500 Internal Server Error in 1130ms (ActiveRecord: 3.5ms | Allocations: 90350)


  
ActionView::Template::Error (Permission denied @ rb_file_s_rename - (E:/Microverse/Module5/blog/blog-app/tmp/cache/assets/sprockets/v4.0.0/gS/gSu7nMjNiaxRfS5TsO9naeggKndDrduyo4XA34f4rUk.cache.28320.12260.250873, E:/Microverse/Module5/blog/blog-app/tmp/cache/assets/sprockets/v4.0.0/gS/gSu7nMjNiaxRfS5TsO9naeggKndDrduyo4XA34f4rUk.cache)):
  
sprockets (4.0.3) lib/sprockets/path_utils.rb:362:in `rename'
sprockets (4.0.3) lib/sprockets/path_utils.rb:362:in `atomic_write'
sprockets (4.0.3) lib/sprockets/cache/file_store.rb:112:in `set'
sprockets (4.0.3) lib/sprockets/cache.rb:227:in `set'
sprockets (4.0.3) lib/sprockets/cache.rb:143:in `set'
sprockets (4.0.3) lib/sprockets/loader.rb:263:in `store_asset'
sprockets (4.0.3) lib/sprockets/loader.rb:226:in `load_from_unloaded'
sprockets (4.0.3) lib/sprockets/loader.rb:59:in `block in load'
sprockets (4.0.3) lib/sprockets/loader.rb:337:in `fetch_asset_from_dependency_cache'
sprockets (4.0.3) lib/sprockets/loader.rb:43:in `load'
sprockets (4.0.3) lib/sprockets/cached_environment.rb:44:in `load'
sprockets (4.0.3) lib/sprockets/context.rb:117:in `load'
sprockets (4.0.3) lib/sprockets/context.rb:145:in `depend_on_asset'
sprockets (4.0.3) lib/sprockets/context.rb:185:in `link_asset'
sprockets-rails (3.4.2) lib/sprockets/rails/context.rb:27:in `compute_asset_path'
actionview (7.0.2.3) lib/action_view/helpers/asset_url_helper.rb:203:in `asset_path'
sprockets-rails (3.4.2) lib/sprockets/rails/sourcemapping_url_processor.rb:41:in `sourcemap_asset_path'
sprockets-rails (3.4.2) lib/sprockets/rails/sourcemapping_url_processor.rb:34:in `resolved_sourcemap_comment'
sprockets-rails (3.4.2) lib/sprockets/rails/sourcemapping_url_processor.rb:15:in `block in call'
sprockets-rails (3.4.2) lib/sprockets/rails/sourcemapping_url_processor.rb:11:in `gsub'
sprockets-rails (3.4.2) lib/sprockets/rails/sourcemapping_url_processor.rb:11:in `call'
sprockets (4.0.3) lib/sprockets/processor_utils.rb:84:in `call_processor'
sprockets (4.0.3) lib/sprockets/processor_utils.rb:66:in `block in call_processors'
sprockets (4.0.3) lib/sprockets/processor_utils.rb:65:in `reverse_each'
sprockets (4.0.3) lib/sprockets/processor_utils.rb:65:in `call_processors'
sprockets (4.0.3) lib/sprockets/loader.rb:182:in `load_from_unloaded'
sprockets (4.0.3) lib/sprockets/loader.rb:59:in `block in load'
sprockets (4.0.3) lib/sprockets/loader.rb:337:in `fetch_asset_from_dependency_cache'
sprockets (4.0.3) lib/sprockets/loader.rb:43:in `load'
sprockets (4.0.3) lib/sprockets/cached_environment.rb:44:in `load'
sprockets (4.0.3) lib/sprockets/bundle.rb:27:in `call'
sprockets (4.0.3) lib/sprockets/processor_utils.rb:84:in `call_processor'
sprockets (4.0.3) lib/sprockets/processor_utils.rb:66:in `block in call_processors'
sprockets (4.0.3) lib/sprockets/processor_utils.rb:65:in `reverse_each'
sprockets (4.0.3) lib/sprockets/processor_utils.rb:65:in `call_processors'
sprockets (4.0.3) lib/sprockets/loader.rb:182:in `load_from_unloaded'
sprockets (4.0.3) lib/sprockets/loader.rb:59:in `block in load'
sprockets (4.0.3) lib/sprockets/loader.rb:337:in `fetch_asset_from_dependency_cache'
sprockets (4.0.3) lib/sprockets/loader.rb:43:in `load'
sprockets (4.0.3) lib/sprockets/cached_environment.rb:44:in `load'
sprockets (4.0.3) lib/sprockets/base.rb:81:in `find_asset'
sprockets (4.0.3) lib/sprockets/base.rb:88:in `find_all_linked_assets'
sprockets (4.0.3) lib/sprockets/manifest.rb:125:in `each'
sprockets (4.0.3) lib/sprockets/manifest.rb:125:in `to_a'
sprockets (4.0.3) lib/sprockets/manifest.rb:125:in `block (2 levels) in find'
concurrent-ruby (1.1.10) lib/concurrent-ruby/concurrent/executor/safe_task_executor.rb:24:in `block in execute'
concurrent-ruby (1.1.10) lib/concurrent-ruby/concurrent/synchronization/mutex_lockable_object.rb:47:in `block in synchronize'
concurrent-ruby (1.1.10) lib/concurrent-ruby/concurrent/synchronization/mutex_lockable_object.rb:47:in `synchronize'
concurrent-ruby (1.1.10) lib/concurrent-ruby/concurrent/synchronization/mutex_lockable_object.rb:47:in `synchronize'
concurrent-ruby (1.1.10) lib/concurrent-ruby/concurrent/executor/safe_task_executor.rb:22:in `execute'
concurrent-ruby (1.1.10) lib/concurrent-ruby/concurrent/promise.rb:564:in `block in realize'
concurrent-ruby (1.1.10) lib/concurrent-ruby/concurrent/executor/ruby_thread_pool_executor.rb:352:in `run_task'
concurrent-ruby (1.1.10) lib/concurrent-ruby/concurrent/executor/ruby_thread_pool_executor.rb:343:in `block (3 levels) in create_worker'
concurrent-ruby (1.1.10) lib/concurrent-ruby/concurrent/executor/ruby_thread_pool_executor.rb:334:in `loop'
concurrent-ruby (1.1.10) lib/concurrent-ruby/concurrent/executor/ruby_thread_pool_executor.rb:334:in `block (2 levels) in create_worker'
concurrent-ruby (1.1.10) lib/concurrent-ruby/concurrent/executor/ruby_thread_pool_executor.rb:333:in `catch'
concurrent-ruby (1.1.10) lib/concurrent-ruby/concurrent/executor/ruby_thread_pool_executor.rb:333:in `block in create_worker'
Started GET "/" for 127.0.0.1 at 2022-04-16 20:30:31 +0300
  [1m[36mActiveRecord::SchemaMigration Pluck (6.1ms)[0m  [1m[34mSELECT "schema_migrations"."version" FROM "schema_migrations" ORDER BY "schema_migrations"."version" ASC[0m
Processing by UsersController#index as HTML
  Rendering layout layouts/application.html.erb
  Rendering users/index.html.erb within layouts/application
  [1m[36mUser Load (3.0ms)[0m  [1m[34mSELECT "users".* FROM "users"[0m
  ↳ app/views/users/index.html.erb:3
  Rendered users/index.html.erb within layouts/application (Duration: 44.0ms | Allocations: 1909)
  Rendered shared/_header.html.erb (Duration: 3.8ms | Allocations: 660)
  Rendered layout layouts/application.html.erb (Duration: 452.8ms | Allocations: 67141)
Completed 200 OK in 508ms (Views: 467.5ms | ActiveRecord: 3.0ms | Allocations: 71246)


Started GET "/users/sign_in" for 127.0.0.1 at 2022-04-16 20:30:41 +0300
Processing by Devise::SessionsController#new as HTML
Completed 500 Internal Server Error in 11ms (ActiveRecord: 0.0ms | Allocations: 1471)


  
JWT::DecodeError (Nil JSON web token):
  
app/controllers/concerns/json_web_token.rb:13:in `jwt_decode'
app/controllers/application_controller.rb:22:in `authenticate_request'
Started GET "/" for 127.0.0.1 at 2022-04-16 20:32:16 +0300
  [1m[36mActiveRecord::SchemaMigration Pluck (2.5ms)[0m  [1m[34mSELECT "schema_migrations"."version" FROM "schema_migrations" ORDER BY "schema_migrations"."version" ASC[0m
Processing by UsersController#index as HTML
  Rendering layout layouts/application.html.erb
  Rendering users/index.html.erb within layouts/application
  [1m[36mUser Load (3.3ms)[0m  [1m[34mSELECT "users".* FROM "users"[0m
  ↳ app/views/users/index.html.erb:3
  Rendered users/index.html.erb within layouts/application (Duration: 18.9ms | Allocations: 1910)
  Rendered shared/_header.html.erb (Duration: 3.8ms | Allocations: 660)
  Rendered layout layouts/application.html.erb (Duration: 263.9ms | Allocations: 58928)
Completed 200 OK in 339ms (Views: 277.6ms | ActiveRecord: 3.3ms | Allocations: 63034)


Started GET "/users/sign_in" for 127.0.0.1 at 2022-04-16 20:32:18 +0300
Processing by Devise::SessionsController#new as HTML
Completed 500 Internal Server Error in 6ms (ActiveRecord: 0.0ms | Allocations: 1185)


  
JWT::DecodeError (Nil JSON web token):
  
app/controllers/concerns/json_web_token.rb:13:in `jwt_decode'
app/controllers/application_controller.rb:22:in `authenticate_request'
Started GET "/" for 127.0.0.1 at 2022-04-16 20:55:46 +0300
  [1m[36mActiveRecord::SchemaMigration Pluck (2.4ms)[0m  [1m[34mSELECT "schema_migrations"."version" FROM "schema_migrations" ORDER BY "schema_migrations"."version" ASC[0m
  [1m[36mCACHE ActiveRecord::SchemaMigration Pluck (0.0ms)[0m  [1m[34mSELECT "schema_migrations"."version" FROM "schema_migrations" ORDER BY "schema_migrations"."version" ASC[0m
  
ActiveRecord::PendingMigrationError (

Migrations are pending. To resolve this issue, run:

        bin/rails db:migrate RAILS_ENV=development

You have 9 pending migrations:

20220401094138_create_users.rb
20220401094156_create_posts.rb
20220401094302_create_comments.rb
20220401094409_create_likes.rb
20220408003123_update_posts_counter_default_to_zero_users.rb
20220408003508_update_counters_default_to_zero_posts.rb
20220411182125_add_devise_to_users.rb
20220412121338_add_confirmable_to_devise.rb
20220412144228_add_role_to_users.rb


):
  
activerecord (7.0.2.3) lib/active_record/migration.rb:627:in `check_pending!'
activerecord (7.0.2.3) lib/active_record/migration.rb:592:in `block (2 levels) in call'
activesupport (7.0.2.3) lib/active_support/file_update_checker.rb:83:in `execute'
activerecord (7.0.2.3) lib/active_record/migration.rb:597:in `block in call'
activerecord (7.0.2.3) lib/active_record/migration.rb:589:in `synchronize'
activerecord (7.0.2.3) lib/active_record/migration.rb:589:in `call'
actionpack (7.0.2.3) lib/action_dispatch/middleware/callbacks.rb:27:in `block in call'
activesupport (7.0.2.3) lib/active_support/callbacks.rb:99:in `run_callbacks'
actionpack (7.0.2.3) lib/action_dispatch/middleware/callbacks.rb:26:in `call'
actionpack (7.0.2.3) lib/action_dispatch/middleware/executor.rb:14:in `call'
actionpack (7.0.2.3) lib/action_dispatch/middleware/actionable_exceptions.rb:17:in `call'
actionpack (7.0.2.3) lib/action_dispatch/middleware/debug_exceptions.rb:28:in `call'
web-console (4.2.0) lib/web_console/middleware.rb:132:in `call_app'
web-console (4.2.0) lib/web_console/middleware.rb:28:in `block in call'
web-console (4.2.0) lib/web_console/middleware.rb:17:in `catch'
web-console (4.2.0) lib/web_console/middleware.rb:17:in `call'
actionpack (7.0.2.3) lib/action_dispatch/middleware/show_exceptions.rb:26:in `call'
railties (7.0.2.3) lib/rails/rack/logger.rb:36:in `call_app'
railties (7.0.2.3) lib/rails/rack/logger.rb:25:in `block in call'
activesupport (7.0.2.3) lib/active_support/tagged_logging.rb:99:in `block in tagged'
activesupport (7.0.2.3) lib/active_support/tagged_logging.rb:37:in `tagged'
activesupport (7.0.2.3) lib/active_support/tagged_logging.rb:99:in `tagged'
railties (7.0.2.3) lib/rails/rack/logger.rb:25:in `call'
sprockets-rails (3.4.2) lib/sprockets/rails/quiet_assets.rb:13:in `call'
actionpack (7.0.2.3) lib/action_dispatch/middleware/remote_ip.rb:93:in `call'
actionpack (7.0.2.3) lib/action_dispatch/middleware/request_id.rb:26:in `call'
rack (2.2.3) lib/rack/method_override.rb:24:in `call'
rack (2.2.3) lib/rack/runtime.rb:22:in `call'
activesupport (7.0.2.3) lib/active_support/cache/strategy/local_cache_middleware.rb:29:in `call'
actionpack (7.0.2.3) lib/action_dispatch/middleware/server_timing.rb:20:in `call'
actionpack (7.0.2.3) lib/action_dispatch/middleware/executor.rb:14:in `call'
actionpack (7.0.2.3) lib/action_dispatch/middleware/static.rb:23:in `call'
rack (2.2.3) lib/rack/sendfile.rb:110:in `call'
actionpack (7.0.2.3) lib/action_dispatch/middleware/host_authorization.rb:137:in `call'
railties (7.0.2.3) lib/rails/engine.rb:530:in `call'
puma (5.6.2) lib/puma/configuration.rb:252:in `call'
puma (5.6.2) lib/puma/request.rb:77:in `block in handle_request'
puma (5.6.2) lib/puma/thread_pool.rb:340:in `with_force_shutdown'
puma (5.6.2) lib/puma/request.rb:76:in `handle_request'
puma (5.6.2) lib/puma/server.rb:441:in `process_client'
puma (5.6.2) lib/puma/thread_pool.rb:147:in `block in spawn_thread'
  [1m[35m (0.3ms)[0m  [1m[34mSELECT pg_try_advisory_lock(7864839756650184315)[0m
  [1m[36mActiveRecord::SchemaMigration Pluck (2.3ms)[0m  [1m[34mSELECT "schema_migrations"."version" FROM "schema_migrations" ORDER BY "schema_migrations"."version" ASC[0m
Migrating to CreateUsers (20220401094138)
  [1m[36mTRANSACTION (0.2ms)[0m  [1m[35mBEGIN[0m
  [1m[35m (12.9ms)[0m  [1m[35mCREATE TABLE "users" ("id" bigserial primary key, "name" character varying, "photo" character varying, "bio" text, "posts_counter" integer, "created_at" timestamp(6) NOT NULL, "updated_at" timestamp(6) NOT NULL)[0m
  [1m[36mTRANSACTION (0.2ms)[0m  [1m[31mROLLBACK[0m
  [1m[35m (0.4ms)[0m  [1m[34mSELECT pg_advisory_unlock(7864839756650184315)[0m
  [1m[36mActiveRecord::SchemaMigration Pluck (2.2ms)[0m  [1m[34mSELECT "schema_migrations"."version" FROM "schema_migrations" ORDER BY "schema_migrations"."version" ASC[0m
  [1m[36mActiveRecord::InternalMetadata Pluck (1.8ms)[0m  [1m[34mSELECT "ar_internal_metadata"."value" FROM "ar_internal_metadata" WHERE "ar_internal_metadata"."key" = $1 LIMIT $2[0m  [["key", "environment"], ["LIMIT", 1]]
  [1m[36mActiveRecord::SchemaMigration Pluck (0.4ms)[0m  [1m[34mSELECT "schema_migrations"."version" FROM "schema_migrations" ORDER BY "schema_migrations"."version" ASC[0m
  [1m[36mActiveRecord::InternalMetadata Pluck (0.3ms)[0m  [1m[34mSELECT "ar_internal_metadata"."value" FROM "ar_internal_metadata" WHERE "ar_internal_metadata"."key" = $1 LIMIT $2[0m  [["key", "environment"], ["LIMIT", 1]]
  [1m[36mActiveRecord::SchemaMigration Pluck (0.4ms)[0m  [1m[34mSELECT "schema_migrations"."version" FROM "schema_migrations" ORDER BY "schema_migrations"."version" ASC[0m
  [1m[36mActiveRecord::InternalMetadata Pluck (0.3ms)[0m  [1m[34mSELECT "ar_internal_metadata"."value" FROM "ar_internal_metadata" WHERE "ar_internal_metadata"."key" = $1 LIMIT $2[0m  [["key", "environment"], ["LIMIT", 1]]
  [1m[35m (588.8ms)[0m  [1m[35mDROP DATABASE IF EXISTS "myapp_development"[0m
  [1m[35m (574.7ms)[0m  [1m[35mDROP DATABASE IF EXISTS "myapp_test"[0m
  [1m[35m (13350.4ms)[0m  [1m[35mCREATE DATABASE "myapp_development" ENCODING = 'unicode'[0m
  [1m[35m (11553.7ms)[0m  [1m[35mCREATE DATABASE "myapp_test" ENCODING = 'unicode'[0m
  [1m[35m (606.9ms)[0m  [1m[35mCREATE TABLE "schema_migrations" ("version" character varying NOT NULL PRIMARY KEY)[0m
  [1m[35m (105.8ms)[0m  [1m[35mCREATE TABLE "ar_internal_metadata" ("key" character varying NOT NULL PRIMARY KEY, "value" character varying, "created_at" timestamp(6) NOT NULL, "updated_at" timestamp(6) NOT NULL)[0m
  [1m[35m (17.1ms)[0m  [1m[34mSELECT pg_try_advisory_lock(7864839756650184315)[0m
  [1m[36mActiveRecord::SchemaMigration Pluck (1.4ms)[0m  [1m[34mSELECT "schema_migrations"."version" FROM "schema_migrations" ORDER BY "schema_migrations"."version" ASC[0m
Migrating to CreateUsers (20220401094138)
  [1m[36mTRANSACTION (0.3ms)[0m  [1m[35mBEGIN[0m
  [1m[35m (113.5ms)[0m  [1m[35mCREATE TABLE "users" ("id" bigserial primary key, "name" character varying, "photo" character varying, "bio" text, "posts_counter" integer, "created_at" timestamp(6) NOT NULL, "updated_at" timestamp(6) NOT NULL)[0m
  [1m[36mActiveRecord::SchemaMigration Create (1.2ms)[0m  [1m[32mINSERT INTO "schema_migrations" ("version") VALUES ($1) RETURNING "version"[0m  [["version", "20220401094138"]]
  [1m[36mTRANSACTION (0.9ms)[0m  [1m[35mCOMMIT[0m
Migrating to CreatePosts (20220401094156)
  [1m[36mTRANSACTION (0.6ms)[0m  [1m[35mBEGIN[0m
  [1m[35m (148.5ms)[0m  [1m[35mCREATE TABLE "posts" ("id" bigserial primary key, "author_id" bigint NOT NULL, "title" character varying, "text" text, "comments_counter" integer, "likes_counter" integer, "created_at" timestamp(6) NOT NULL, "updated_at" timestamp(6) NOT NULL, CONSTRAINT "fk_rails_04d13ef8c7"
FOREIGN KEY ("author_id")
  REFERENCES "users" ("id")
)[0m
  [1m[35m (46.4ms)[0m  [1m[35mCREATE INDEX "index_posts_on_author_id" ON "posts" ("author_id")[0m
  [1m[36mActiveRecord::SchemaMigration Create (0.4ms)[0m  [1m[32mINSERT INTO "schema_migrations" ("version") VALUES ($1) RETURNING "version"[0m  [["version", "20220401094156"]]
  [1m[36mTRANSACTION (0.6ms)[0m  [1m[35mCOMMIT[0m
Migrating to CreateComments (20220401094302)
  [1m[36mTRANSACTION (0.5ms)[0m  [1m[35mBEGIN[0m
  [1m[35m (103.4ms)[0m  [1m[35mCREATE TABLE "comments" ("id" bigserial primary key, "author_id" bigint NOT NULL, "post_id" bigint NOT NULL, "text" text, "created_at" timestamp(6) NOT NULL, "updated_at" timestamp(6) NOT NULL, CONSTRAINT "fk_rails_f44b1e3c8a"
FOREIGN KEY ("author_id")
  REFERENCES "users" ("id")
, CONSTRAINT "fk_rails_2fd19c0db7"
FOREIGN KEY ("post_id")
  REFERENCES "posts" ("id")
)[0m
  [1m[35m (40.5ms)[0m  [1m[35mCREATE INDEX "index_comments_on_author_id" ON "comments" ("author_id")[0m
  [1m[35m (26.7ms)[0m  [1m[35mCREATE INDEX "index_comments_on_post_id" ON "comments" ("post_id")[0m
  [1m[36mActiveRecord::SchemaMigration Create (0.4ms)[0m  [1m[32mINSERT INTO "schema_migrations" ("version") VALUES ($1) RETURNING "version"[0m  [["version", "20220401094302"]]
  [1m[36mTRANSACTION (0.7ms)[0m  [1m[35mCOMMIT[0m
Migrating to CreateLikes (20220401094409)
  [1m[36mTRANSACTION (0.4ms)[0m  [1m[35mBEGIN[0m
  [1m[35m (83.5ms)[0m  [1m[35mCREATE TABLE "likes" ("id" bigserial primary key, "author_id" bigint NOT NULL, "post_id" bigint NOT NULL, "created_at" timestamp(6) NOT NULL, "updated_at" timestamp(6) NOT NULL, CONSTRAINT "fk_rails_1f2302367a"
FOREIGN KEY ("author_id")
  REFERENCES "users" ("id")
, CONSTRAINT "fk_rails_87a8aac469"
FOREIGN KEY ("post_id")
  REFERENCES "posts" ("id")
)[0m
  [1m[35m (77.7ms)[0m  [1m[35mCREATE INDEX "index_likes_on_author_id" ON "likes" ("author_id")[0m
  [1m[35m (26.1ms)[0m  [1m[35mCREATE INDEX "index_likes_on_post_id" ON "likes" ("post_id")[0m
  [1m[36mActiveRecord::SchemaMigration Create (0.5ms)[0m  [1m[32mINSERT INTO "schema_migrations" ("version") VALUES ($1) RETURNING "version"[0m  [["version", "20220401094409"]]
  [1m[36mTRANSACTION (1.2ms)[0m  [1m[35mCOMMIT[0m
Migrating to UpdatePostsCounterDefaultToZeroUsers (20220408003123)
  [1m[36mTRANSACTION (0.5ms)[0m  [1m[35mBEGIN[0m
  [1m[35m (1.6ms)[0m  [1m[35mALTER TABLE "users" ALTER COLUMN "posts_counter" SET DEFAULT 0[0m
  [1m[36mActiveRecord::SchemaMigration Create (0.4ms)[0m  [1m[32mINSERT INTO "schema_migrations" ("version") VALUES ($1) RETURNING "version"[0m  [["version", "20220408003123"]]
  [1m[36mTRANSACTION (13.4ms)[0m  [1m[35mCOMMIT[0m
Migrating to UpdateCountersDefaultToZeroPosts (20220408003508)
  [1m[36mTRANSACTION (0.3ms)[0m  [1m[35mBEGIN[0m
  [1m[35m (0.5ms)[0m  [1m[35mALTER TABLE "posts" ALTER COLUMN "comments_counter" SET DEFAULT 0[0m
  [1m[35m (0.5ms)[0m  [1m[35mALTER TABLE "posts" ALTER COLUMN "likes_counter" SET DEFAULT 0[0m
  [1m[36mActiveRecord::SchemaMigration Create (0.5ms)[0m  [1m[32mINSERT INTO "schema_migrations" ("version") VALUES ($1) RETURNING "version"[0m  [["version", "20220408003508"]]
  [1m[36mTRANSACTION (0.6ms)[0m  [1m[35mCOMMIT[0m
Migrating to AddDeviseToUsers (20220411182125)
  [1m[36mTRANSACTION (0.3ms)[0m  [1m[35mBEGIN[0m
  [1m[35m (0.8ms)[0m  [1m[35mALTER TABLE "users" ADD "email" character varying DEFAULT '' NOT NULL[0m
  [1m[35m (0.6ms)[0m  [1m[35mALTER TABLE "users" ADD "encrypted_password" character varying DEFAULT '' NOT NULL[0m
  [1m[35m (0.4ms)[0m  [1m[35mALTER TABLE "users" ADD "reset_password_token" character varying[0m
  [1m[35m (0.4ms)[0m  [1m[35mALTER TABLE "users" ADD "reset_password_sent_at" timestamp(6)[0m
  [1m[35m (0.4ms)[0m  [1m[35mALTER TABLE "users" ADD "remember_created_at" timestamp(6)[0m
  [1m[35m (59.9ms)[0m  [1m[35mCREATE UNIQUE INDEX "index_users_on_email" ON "users" ("email")[0m
  [1m[35m (36.8ms)[0m  [1m[35mCREATE UNIQUE INDEX "index_users_on_reset_password_token" ON "users" ("reset_password_token")[0m
  [1m[36mActiveRecord::SchemaMigration Create (0.4ms)[0m  [1m[32mINSERT INTO "schema_migrations" ("version") VALUES ($1) RETURNING "version"[0m  [["version", "20220411182125"]]
  [1m[36mTRANSACTION (0.6ms)[0m  [1m[35mCOMMIT[0m
Migrating to AddConfirmableToDevise (20220412121338)
  [1m[36mTRANSACTION (0.3ms)[0m  [1m[35mBEGIN[0m
  [1m[35m (0.5ms)[0m  [1m[35mALTER TABLE "users" ADD "confirmation_token" character varying[0m
  [1m[35m (0.7ms)[0m  [1m[35mALTER TABLE "users" ADD "confirmed_at" timestamp(6)[0m
  [1m[35m (1.3ms)[0m  [1m[35mALTER TABLE "users" ADD "confirmation_sent_at" timestamp(6)[0m
  [1m[35m (73.7ms)[0m  [1m[35mCREATE UNIQUE INDEX "index_users_on_confirmation_token" ON "users" ("confirmation_token")[0m
  [1m[36mUser Update All (21.4ms)[0m  [1m[33mUPDATE "users" SET "confirmed_at" = $1[0m  [["confirmed_at", "2022-04-16 17:58:28.507799"]]
  [1m[36mActiveRecord::SchemaMigration Create (0.6ms)[0m  [1m[32mINSERT INTO "schema_migrations" ("version") VALUES ($1) RETURNING "version"[0m  [["version", "20220412121338"]]
  [1m[36mTRANSACTION (15.0ms)[0m  [1m[35mCOMMIT[0m
Migrating to AddRoleToUsers (20220412144228)
  [1m[36mTRANSACTION (0.5ms)[0m  [1m[35mBEGIN[0m
  [1m[35m (0.5ms)[0m  [1m[35mALTER TABLE "users" ADD "role" character varying[0m
  [1m[36mActiveRecord::SchemaMigration Create (0.4ms)[0m  [1m[32mINSERT INTO "schema_migrations" ("version") VALUES ($1) RETURNING "version"[0m  [["version", "20220412144228"]]
  [1m[36mTRANSACTION (2.4ms)[0m  [1m[35mCOMMIT[0m
  [1m[36mActiveRecord::InternalMetadata Load (1.2ms)[0m  [1m[34mSELECT "ar_internal_metadata".* FROM "ar_internal_metadata" WHERE "ar_internal_metadata"."key" = $1 LIMIT $2[0m  [["key", "environment"], ["LIMIT", 1]]
  [1m[36mTRANSACTION (0.3ms)[0m  [1m[35mBEGIN[0m
  [1m[36mActiveRecord::InternalMetadata Create (0.9ms)[0m  [1m[32mINSERT INTO "ar_internal_metadata" ("key", "value", "created_at", "updated_at") VALUES ($1, $2, $3, $4) RETURNING "key"[0m  [["key", "environment"], ["value", "development"], ["created_at", "2022-04-16 17:58:28.622732"], ["updated_at", "2022-04-16 17:58:28.622732"]]
  [1m[36mTRANSACTION (1.0ms)[0m  [1m[35mCOMMIT[0m
  [1m[35m (0.5ms)[0m  [1m[34mSELECT pg_advisory_unlock(7864839756650184315)[0m
  [1m[36mActiveRecord::SchemaMigration Pluck (2.1ms)[0m  [1m[34mSELECT "schema_migrations"."version" FROM "schema_migrations" ORDER BY "schema_migrations"."version" ASC[0m
Started GET "/" for 127.0.0.1 at 2022-04-16 20:59:32 +0300
  [1m[36mActiveRecord::SchemaMigration Pluck (2.1ms)[0m  [1m[34mSELECT "schema_migrations"."version" FROM "schema_migrations" ORDER BY "schema_migrations"."version" ASC[0m
Processing by UsersController#index as HTML
  Rendering layout layouts/application.html.erb
  Rendering users/index.html.erb within layouts/application
  [1m[36mUser Load (2.9ms)[0m  [1m[34mSELECT "users".* FROM "users"[0m
  ↳ app/views/users/index.html.erb:3
  Rendered users/index.html.erb within layouts/application (Duration: 18.8ms | Allocations: 1910)
  Rendered shared/_header.html.erb (Duration: 65.9ms | Allocations: 662)
  Rendered layout layouts/application.html.erb (Duration: 555.6ms | Allocations: 66488)
Completed 200 OK in 637ms (Views: 594.8ms | ActiveRecord: 2.9ms | Allocations: 70577)


Started GET "/users/sign_in" for 127.0.0.1 at 2022-04-16 20:59:35 +0300
Processing by Devise::SessionsController#new as HTML
  Rendering layout layouts/application.html.erb
  Rendering devise/sessions/new.html.erb within layouts/application
  Rendered devise/shared/_links.html.erb (Duration: 2.3ms | Allocations: 716)
  Rendered devise/sessions/new.html.erb within layouts/application (Duration: 45.9ms | Allocations: 2799)
  Rendered shared/_header.html.erb (Duration: 0.4ms | Allocations: 155)
  Rendered layout layouts/application.html.erb (Duration: 86.6ms | Allocations: 10608)
Completed 200 OK in 131ms (Views: 101.2ms | ActiveRecord: 7.6ms | Allocations: 20748)


Started GET "/users" for 127.0.0.1 at 2022-04-16 20:59:40 +0300
Processing by UsersController#index as HTML
  Rendering layout layouts/application.html.erb
  Rendering users/index.html.erb within layouts/application
  [1m[36mUser Load (0.5ms)[0m  [1m[34mSELECT "users".* FROM "users"[0m
  ↳ app/views/users/index.html.erb:3
  Rendered users/index.html.erb within layouts/application (Duration: 3.5ms | Allocations: 740)
  Rendered shared/_header.html.erb (Duration: 0.4ms | Allocations: 163)
  Rendered layout layouts/application.html.erb (Duration: 35.5ms | Allocations: 8653)
Completed 200 OK in 40ms (Views: 36.6ms | ActiveRecord: 0.5ms | Allocations: 9017)


Started GET "/users/sign_in" for 127.0.0.1 at 2022-04-16 20:59:42 +0300
Processing by Devise::SessionsController#new as HTML
  Rendering layout layouts/application.html.erb
  Rendering devise/sessions/new.html.erb within layouts/application
  Rendered devise/shared/_links.html.erb (Duration: 0.3ms | Allocations: 165)
  Rendered devise/sessions/new.html.erb within layouts/application (Duration: 1.9ms | Allocations: 568)
  Rendered shared/_header.html.erb (Duration: 0.4ms | Allocations: 122)
  Rendered layout layouts/application.html.erb (Duration: 46.1ms | Allocations: 8260)
Completed 200 OK in 52ms (Views: 47.8ms | ActiveRecord: 0.0ms | Allocations: 9004)


Started GET "/users/sign_up" for 127.0.0.1 at 2022-04-16 20:59:44 +0300
Processing by Devise::RegistrationsController#new as HTML
  Rendering layout layouts/application.html.erb
  Rendering devise/registrations/new.html.erb within layouts/application
  Rendered devise/shared/_error_messages.html.erb (Duration: 0.7ms | Allocations: 223)
  Rendered devise/shared/_links.html.erb (Duration: 0.5ms | Allocations: 198)
  Rendered devise/registrations/new.html.erb within layouts/application (Duration: 132.6ms | Allocations: 7034)
  Rendered shared/_header.html.erb (Duration: 0.3ms | Allocations: 155)
  Rendered layout layouts/application.html.erb (Duration: 166.8ms | Allocations: 14856)
Completed 200 OK in 179ms (Views: 174.6ms | ActiveRecord: 0.0ms | Allocations: 16258)


